==17376== Memcheck, a memory error detector
==17376== Copyright (C) 2002-2017, and GNU GPL'd, by Julian Seward et al.
==17376== Using Valgrind-3.14.0.GIT and LibVEX; rerun with -h for copyright info
==17376== Command: ./yshell
==17376== 
yshell: Bad: no such function
yshell: #: no such function
yshell: #: no such function
yshell: #: no such function
==17376== 
==17376== HEAP SUMMARY:
==17376==     in use at exit: 377 bytes in 8 blocks
==17376==   total heap usage: 217 allocs, 209 frees, 7,784 bytes allocated
==17376== 
==17376== 377 (72 direct, 305 indirect) bytes in 1 blocks are definitely lost in loss record 8 of 8
==17376==    at 0x4C2A453: operator new(unsigned long) (vg_replace_malloc.c:334)
==17376==    by 0x411903: __gnu_cxx::new_allocator<std::_Sp_counted_ptr_inplace<inode, std::allocator<inode>, (__gnu_cxx::_Lock_policy)2> >::allocate(unsigned long, void const*) (new_allocator.h:111)
==17376==    by 0x4113EA: std::allocator_traits<std::allocator<std::_Sp_counted_ptr_inplace<inode, std::allocator<inode>, (__gnu_cxx::_Lock_policy)2> > >::allocate(std::allocator<std::_Sp_counted_ptr_inplace<inode, std::allocator<inode>, (__gnu_cxx::_Lock_policy)2> >&, unsigned long) (alloc_traits.h:436)
==17376==    by 0x410A05: std::__allocated_ptr<std::allocator<std::_Sp_counted_ptr_inplace<inode, std::allocator<inode>, (__gnu_cxx::_Lock_policy)2> > > std::__allocate_guarded<std::allocator<std::_Sp_counted_ptr_inplace<inode, std::allocator<inode>, (__gnu_cxx::_Lock_policy)2> > >(std::allocator<std::_Sp_counted_ptr_inplace<inode, std::allocator<inode>, (__gnu_cxx::_Lock_policy)2> >&) (allocated_ptr.h:97)
==17376==    by 0x40FDAB: std::__shared_count<(__gnu_cxx::_Lock_policy)2>::__shared_count<inode, std::allocator<inode>, file_type>(std::_Sp_make_shared_tag, inode*, std::allocator<inode> const&, file_type&&) (shared_ptr_base.h:654)
==17376==    by 0x40F085: std::__shared_ptr<inode, (__gnu_cxx::_Lock_policy)2>::__shared_ptr<std::allocator<inode>, file_type>(std::_Sp_make_shared_tag, std::allocator<inode> const&, file_type&&) (shared_ptr_base.h:1322)
==17376==    by 0x40E004: std::shared_ptr<inode>::shared_ptr<std::allocator<inode>, file_type>(std::_Sp_make_shared_tag, std::allocator<inode> const&, file_type&&) (shared_ptr.h:360)
==17376==    by 0x40D1EE: std::shared_ptr<inode> std::allocate_shared<inode, std::allocator<inode>, file_type>(std::allocator<inode> const&, file_type&&) (shared_ptr.h:707)
==17376==    by 0x40C714: std::shared_ptr<inode> std::make_shared<inode, file_type>(file_type&&) (shared_ptr.h:723)
==17376==    by 0x40AB82: inode_state::inode_state() (file_sys.cpp:37)
==17376==    by 0x41458E: main (main.cpp:50)
==17376== 
==17376== LEAK SUMMARY:
==17376==    definitely lost: 72 bytes in 1 blocks
==17376==    indirectly lost: 305 bytes in 7 blocks
==17376==      possibly lost: 0 bytes in 0 blocks
==17376==    still reachable: 0 bytes in 0 blocks
==17376==         suppressed: 0 bytes in 0 blocks
==17376== 
==17376== For counts of detected and suppressed errors, rerun with: -v
==17376== ERROR SUMMARY: 1 errors from 1 contexts (suppressed: 0 from 0)
